{
  "numTotalTestSuites": 18,
  "numPassedTestSuites": 18,
  "numFailedTestSuites": 0,
  "numPendingTestSuites": 0,
  "numTotalTests": 15,
  "numPassedTests": 15,
  "numFailedTests": 0,
  "numPendingTests": 0,
  "numTodoTests": 0,
  "startTime": 1760982998429,
  "success": true,
  "testResults": [
    {
      "assertionResults": [
        {
          "ancestorTitles": ["", "developer workflow configuration"],
          "fullName": " developer workflow configuration provides hot-reload dev server and coverage pipeline",
          "status": "passed",
          "title": "provides hot-reload dev server and coverage pipeline",
          "duration": 11,
          "failureMessages": []
        },
        {
          "ancestorTitles": ["", "developer workflow configuration"],
          "fullName": " developer workflow configuration wires lint-staged to enforce formatting in git hooks",
          "status": "passed",
          "title": "wires lint-staged to enforce formatting in git hooks",
          "duration": 2,
          "failureMessages": []
        }
      ],
      "startTime": 1760982998964,
      "endTime": 1760982998977,
      "status": "passed",
      "message": "",
      "name": "/Users/phil/Sites/Superbloom/mcp-strudel-kit/tests/e2e/dev-workflow.test.ts"
    },
    {
      "assertionResults": [
        {
          "ancestorTitles": ["", "environment bootstrap"],
          "fullName": " environment bootstrap loads settings from .env into process.env",
          "status": "passed",
          "title": "loads settings from .env into process.env",
          "duration": 3,
          "failureMessages": []
        }
      ],
      "startTime": 1760982999036,
      "endTime": 1760982999039,
      "status": "passed",
      "message": "",
      "name": "/Users/phil/Sites/Superbloom/mcp-strudel-kit/tests/integration/environment-loading.test.ts"
    },
    {
      "assertionResults": [
        {
          "ancestorTitles": ["", "MCP HTTP endpoint"],
          "fullName": " MCP HTTP endpoint initializes a session and executes the echo tool",
          "status": "passed",
          "title": "initializes a session and executes the echo tool",
          "duration": 1,
          "failureMessages": []
        },
        {
          "ancestorTitles": ["", "MCP HTTP endpoint"],
          "fullName": " MCP HTTP endpoint rejects malformed JSON-RPC requests",
          "status": "passed",
          "title": "rejects malformed JSON-RPC requests",
          "duration": 0,
          "failureMessages": []
        }
      ],
      "startTime": 1760982999070,
      "endTime": 1760982999071,
      "status": "passed",
      "message": "",
      "name": "/Users/phil/Sites/Superbloom/mcp-strudel-kit/tests/integration/mcp-endpoint.test.ts"
    },
    {
      "assertionResults": [
        {
          "ancestorTitles": ["", "server bootstrap"],
          "fullName": " server bootstrap starts and stops the MCP server without error",
          "status": "passed",
          "title": "starts and stops the MCP server without error",
          "duration": 10,
          "failureMessages": []
        }
      ],
      "startTime": 1760982999035,
      "endTime": 1760982999045,
      "status": "passed",
      "message": "",
      "name": "/Users/phil/Sites/Superbloom/mcp-strudel-kit/tests/integration/server-startup.test.ts"
    },
    {
      "assertionResults": [
        {
          "ancestorTitles": ["", "configuration loader"],
          "fullName": " configuration loader applies default values when environment variables are absent",
          "status": "passed",
          "title": "applies default values when environment variables are absent",
          "duration": 2,
          "failureMessages": []
        },
        {
          "ancestorTitles": ["", "configuration loader"],
          "fullName": " configuration loader parses numeric and boolean environment overrides",
          "status": "passed",
          "title": "parses numeric and boolean environment overrides",
          "duration": 1,
          "failureMessages": []
        }
      ],
      "startTime": 1760982998891,
      "endTime": 1760982998895,
      "status": "passed",
      "message": "",
      "name": "/Users/phil/Sites/Superbloom/mcp-strudel-kit/tests/unit/config-loader.test.ts"
    },
    {
      "assertionResults": [
        {
          "ancestorTitles": ["", "package.json configuration"],
          "fullName": " package.json configuration contains required scripts for development workflow",
          "status": "passed",
          "title": "contains required scripts for development workflow",
          "duration": 3,
          "failureMessages": []
        },
        {
          "ancestorTitles": ["", "package.json configuration"],
          "fullName": " package.json configuration enforces Node 20 runtime via engines field",
          "status": "passed",
          "title": "enforces Node 20 runtime via engines field",
          "duration": 1,
          "failureMessages": []
        }
      ],
      "startTime": 1760982998741,
      "endTime": 1760982998745,
      "status": "passed",
      "message": "",
      "name": "/Users/phil/Sites/Superbloom/mcp-strudel-kit/tests/unit/package-config.test.ts"
    },
    {
      "assertionResults": [
        {
          "ancestorTitles": ["", "ToolExecutor"],
          "fullName": " ToolExecutor enforces execution timeout",
          "status": "passed",
          "title": "enforces execution timeout",
          "duration": 31,
          "failureMessages": []
        },
        {
          "ancestorTitles": ["", "ToolExecutor"],
          "fullName": " ToolExecutor serializes executions when exceeding concurrency limit",
          "status": "passed",
          "title": "serializes executions when exceeding concurrency limit",
          "duration": 95,
          "failureMessages": []
        },
        {
          "ancestorTitles": ["", "ToolExecutor"],
          "fullName": " ToolExecutor honors aborted signals while waiting for a slot",
          "status": "passed",
          "title": "honors aborted signals while waiting for a slot",
          "duration": 103,
          "failureMessages": []
        }
      ],
      "startTime": 1760982998929,
      "endTime": 1760982999158,
      "status": "passed",
      "message": "",
      "name": "/Users/phil/Sites/Superbloom/mcp-strudel-kit/tests/unit/tool-executor.test.ts"
    },
    {
      "assertionResults": [
        {
          "ancestorTitles": ["", "TypeScript project compilation"],
          "fullName": " TypeScript project compilation compiles without emitting artifacts or diagnostics",
          "status": "passed",
          "title": "compiles without emitting artifacts or diagnostics",
          "duration": 1171,
          "failureMessages": []
        }
      ],
      "startTime": 1760983000352,
      "endTime": 1760983001523,
      "status": "passed",
      "message": "",
      "name": "/Users/phil/Sites/Superbloom/mcp-strudel-kit/tests/unit/tsc-compilation.test.ts"
    },
    {
      "assertionResults": [
        {
          "ancestorTitles": ["", "tsconfig path aliases"],
          "fullName": " tsconfig path aliases exposes @ namespace mapping to src directories",
          "status": "passed",
          "title": "exposes @ namespace mapping to src directories",
          "duration": 3,
          "failureMessages": []
        }
      ],
      "startTime": 1760982999094,
      "endTime": 1760982999097,
      "status": "passed",
      "message": "",
      "name": "/Users/phil/Sites/Superbloom/mcp-strudel-kit/tests/unit/tsconfig-alias.test.ts"
    }
  ]
}
