{
  "numTotalTestSuites": 12,
  "numPassedTestSuites": 12,
  "numFailedTestSuites": 0,
  "numPendingTestSuites": 0,
  "numTotalTests": 8,
  "numPassedTests": 8,
  "numFailedTests": 0,
  "numPendingTests": 0,
  "numTodoTests": 0,
  "startTime": 1760489974630,
  "success": true,
  "testResults": [
    {
      "assertionResults": [
        {
          "ancestorTitles": ["", "developer workflow configuration"],
          "fullName": " developer workflow configuration provides hot-reload dev server and coverage pipeline",
          "status": "passed",
          "title": "provides hot-reload dev server and coverage pipeline",
          "duration": 2,
          "failureMessages": []
        },
        {
          "ancestorTitles": ["", "developer workflow configuration"],
          "fullName": " developer workflow configuration wires lint-staged to enforce formatting in git hooks",
          "status": "passed",
          "title": "wires lint-staged to enforce formatting in git hooks",
          "duration": 1,
          "failureMessages": []
        }
      ],
      "startTime": 1760489974985,
      "endTime": 1760489974988,
      "status": "passed",
      "message": "",
      "name": "/Users/phil/Sites/Superbloom/mcp-strudel-kit/tests/e2e/dev-workflow.test.ts"
    },
    {
      "assertionResults": [
        {
          "ancestorTitles": ["", "environment bootstrap"],
          "fullName": " environment bootstrap loads settings from .env into process.env",
          "status": "passed",
          "title": "loads settings from .env into process.env",
          "duration": 7,
          "failureMessages": []
        }
      ],
      "startTime": 1760489975011,
      "endTime": 1760489975018,
      "status": "passed",
      "message": "",
      "name": "/Users/phil/Sites/Superbloom/mcp-strudel-kit/tests/integration/environment-loading.test.ts"
    },
    {
      "assertionResults": [
        {
          "ancestorTitles": ["", "server bootstrap"],
          "fullName": " server bootstrap loads environment and completes placeholder startup without error",
          "status": "passed",
          "title": "loads environment and completes placeholder startup without error",
          "duration": 2,
          "failureMessages": []
        }
      ],
      "startTime": 1760489975011,
      "endTime": 1760489975013,
      "status": "passed",
      "message": "",
      "name": "/Users/phil/Sites/Superbloom/mcp-strudel-kit/tests/integration/server-startup.test.ts"
    },
    {
      "assertionResults": [
        {
          "ancestorTitles": ["", "package.json configuration"],
          "fullName": " package.json configuration contains required scripts for development workflow",
          "status": "passed",
          "title": "contains required scripts for development workflow",
          "duration": 3,
          "failureMessages": []
        },
        {
          "ancestorTitles": ["", "package.json configuration"],
          "fullName": " package.json configuration enforces Node 20 runtime via engines field",
          "status": "passed",
          "title": "enforces Node 20 runtime via engines field",
          "duration": 4,
          "failureMessages": []
        }
      ],
      "startTime": 1760489974976,
      "endTime": 1760489974983,
      "status": "passed",
      "message": "",
      "name": "/Users/phil/Sites/Superbloom/mcp-strudel-kit/tests/unit/package-config.test.ts"
    },
    {
      "assertionResults": [
        {
          "ancestorTitles": ["", "TypeScript project compilation"],
          "fullName": " TypeScript project compilation compiles without emitting artifacts or diagnostics",
          "status": "passed",
          "title": "compiles without emitting artifacts or diagnostics",
          "duration": 783,
          "failureMessages": []
        }
      ],
      "startTime": 1760489976670,
      "endTime": 1760489977453,
      "status": "passed",
      "message": "",
      "name": "/Users/phil/Sites/Superbloom/mcp-strudel-kit/tests/unit/tsc-compilation.test.ts"
    },
    {
      "assertionResults": [
        {
          "ancestorTitles": ["", "tsconfig path aliases"],
          "fullName": " tsconfig path aliases exposes @ namespace mapping to src directories",
          "status": "passed",
          "title": "exposes @ namespace mapping to src directories",
          "duration": 3,
          "failureMessages": []
        }
      ],
      "startTime": 1760489974971,
      "endTime": 1760489974974,
      "status": "passed",
      "message": "",
      "name": "/Users/phil/Sites/Superbloom/mcp-strudel-kit/tests/unit/tsconfig-alias.test.ts"
    }
  ]
}
